<?xml version="1.0" encoding="UTF-8"?>
<testsuite name="com.solarsync.crm.service.JwtUtilTest" tests="5" skipped="0" failures="0" errors="0" timestamp="2025-03-22T05:06:20.688Z" hostname="SHROOFSPC" time="1.741">
  <properties/>
  <testcase name="testTokenExpiration()" classname="com.solarsync.crm.service.JwtUtilTest" time="1.727"/>
  <testcase name="testDifferentUserToken()" classname="com.solarsync.crm.service.JwtUtilTest" time="0.003"/>
  <testcase name="testTamperedToken()" classname="com.solarsync.crm.service.JwtUtilTest" time="0.002"/>
  <testcase name="testInvalidToken()" classname="com.solarsync.crm.service.JwtUtilTest" time="0.002"/>
  <testcase name="testGenerateAndValidateToken()" classname="com.solarsync.crm.service.JwtUtilTest" time="0.003"/>
  <system-out><![CDATA[]]></system-out>
  <system-err><![CDATA[]]></system-err>
</testsuite>
